[36m[1m2024-11-18 21:25:46 info Connected to Database successfuly[22m[39m
[36m[1m2024-11-18 21:28:06 info Attempting to SignUp[22m[39m
[36m[1m2024-11-18 21:29:09 info Attempting to Login[22m[39m
[31m[1m2024-11-18 21:29:09 error Error Logging In: Error: data and hash arguments required[22m[39m
[36m[1m2024-11-18 21:30:25 info Connected to Database successfuly[22m[39m
[36m[1m2024-11-18 21:30:39 info Connected to Database successfuly[22m[39m
[36m[1m2024-11-18 21:30:51 info Connected to Database successfuly[22m[39m
[36m[1m2024-11-18 21:30:57 info Attempting to Login[22m[39m
[31m[1m2024-11-18 21:30:57 error Error Logging In: Error: data and hash arguments required[22m[39m
[36m[1m2024-11-18 21:31:36 info Connected to Database successfuly[22m[39m
[36m[1m2024-11-18 21:32:22 info Connected to Database successfuly[22m[39m
[36m[1m2024-11-18 21:32:31 info Attempting to Login[22m[39m
[31m[1m2024-11-18 21:32:31 error Error Logging In: Error: data and hash arguments required[22m[39m
[36m[1m2024-11-18 21:33:44 info Connected to Database successfuly[22m[39m
[36m[1m2024-11-18 21:34:07 info Connected to Database successfuly[22m[39m
[36m[1m2024-11-18 21:34:41 info Connected to Database successfuly[22m[39m
[36m[1m2024-11-18 21:34:55 info Attempting to Login[22m[39m
[31m[1m2024-11-18 21:34:55 error Error Logging In: Error: data and hash arguments required[22m[39m
[36m[1m2024-11-18 21:36:38 info Connected to Database successfuly[22m[39m
[36m[1m2024-11-18 21:36:42 info Attempting to Login[22m[39m
[31m[1m2024-11-18 21:36:42 error Error Logging In: Error: data and hash arguments required[22m[39m
[36m[1m2024-11-18 21:38:00 info Connected to Database successfuly[22m[39m
[36m[1m2024-11-18 21:38:34 info Attempting to SignUp[22m[39m
[36m[1m2024-11-18 21:38:49 info Attempting to Login[22m[39m
[31m[1m2024-11-18 21:38:49 error Error Logging In: Error: data and hash arguments required[22m[39m
[36m[1m2024-11-18 21:39:15 info Connected to Database successfuly[22m[39m
[36m[1m2024-11-18 21:40:06 info Connected to Database successfuly[22m[39m
[36m[1m2024-11-18 21:45:55 info Connected to Database successfuly[22m[39m
[36m[1m2024-11-18 21:46:20 info Connected to Database successfuly[22m[39m
[36m[1m2024-11-18 21:46:44 info Connected to Database successfuly[22m[39m
[36m[1m2024-11-18 21:47:08 info Attempting to SignUp[22m[39m
[36m[1m2024-11-18 21:47:25 info Attempting to Login[22m[39m
[31m[1m2024-11-18 21:47:25 error Error Logging In: Error: secretOrPrivateKey must have a value[22m[39m
[36m[1m2024-11-18 21:48:11 info Connected to Database successfuly[22m[39m
[36m[1m2024-11-18 21:48:15 info Attempting to Login[22m[39m
[36m[1m2024-11-18 21:48:42 info Connected to Database successfuly[22m[39m
[36m[1m2024-11-18 21:49:00 info Connected to Database successfuly[22m[39m
[36m[1m2024-11-19 21:23:55 info Connected to Database successfuly[22m[39m
[36m[1m2024-11-19 21:26:39 info Attempting to Login[22m[39m
[36m[1m2024-11-19 21:33:03 info Connected to Database successfuly[22m[39m
[36m[1m2024-11-19 21:33:48 info Connected to Database successfuly[22m[39m
[36m[1m2024-11-19 21:34:58 info Connected to Database successfuly[22m[39m
[36m[1m2024-11-19 21:35:37 info Connected to Database successfuly[22m[39m
[36m[1m2024-11-19 21:37:50 info Connected to Database successfuly[22m[39m
[36m[1m2024-11-19 22:23:49 info Connected to Database successfuly[22m[39m
[36m[1m2024-11-19 22:24:14 info Connected to Database successfuly[22m[39m
[36m[1m2024-11-19 22:26:15 info Connected to Database successfuly[22m[39m
[36m[1m2024-11-19 22:26:35 info Capsules Successully Sent out![22m[39m
[36m[1m2024-11-19 22:26:36 info Connected to Database successfuly[22m[39m
[36m[1m2024-11-19 22:26:36 info Capsules Successully Sent out![22m[39m
[36m[1m2024-11-19 22:26:37 info Capsules Successully Sent out![22m[39m
[36m[1m2024-11-19 22:26:38 info Capsules Successully Sent out![22m[39m
[36m[1m2024-11-19 22:26:39 info Capsules Successully Sent out![22m[39m
[36m[1m2024-11-19 22:26:40 info Capsules Successully Sent out![22m[39m
[36m[1m2024-11-19 22:26:41 info Capsules Successully Sent out![22m[39m
[36m[1m2024-11-19 22:26:42 info Capsules Successully Sent out![22m[39m
[36m[1m2024-11-19 22:26:44 info Capsules Successully Sent out![22m[39m
[36m[1m2024-11-19 22:26:45 info Capsules Successully Sent out![22m[39m
[36m[1m2024-11-19 22:26:46 info Capsules Successully Sent out![22m[39m
[36m[1m2024-11-19 22:26:47 info Capsules Successully Sent out![22m[39m
[36m[1m2024-11-19 22:27:58 info Connected to Database successfuly[22m[39m
[36m[1m2024-11-19 22:27:58 info Capsules Successully Sent out![22m[39m
[36m[1m2024-11-19 22:27:58 info Capsules Successully Sent out![22m[39m
[36m[1m2024-11-19 22:27:59 info Capsules Successully Sent out![22m[39m
[36m[1m2024-11-19 22:28:00 info Capsules Successully Sent out![22m[39m
[36m[1m2024-11-19 22:28:02 info Capsules Successully Sent out![22m[39m
[36m[1m2024-11-19 22:28:03 info Capsules Successully Sent out![22m[39m
[36m[1m2024-11-19 22:28:04 info Capsules Successully Sent out![22m[39m
[36m[1m2024-11-19 22:28:05 info Capsules Successully Sent out![22m[39m
[36m[1m2024-11-19 22:28:06 info Capsules Successully Sent out![22m[39m
[36m[1m2024-11-19 22:29:08 info Connected to Database successfuly[22m[39m
[36m[1m2024-11-19 22:29:08 info Capsules Successully Sent out![22m[39m
[36m[1m2024-11-19 22:29:08 info Capsules Successully Sent out![22m[39m
[36m[1m2024-11-19 22:29:09 info Capsules Successully Sent out![22m[39m
[36m[1m2024-11-19 22:29:10 info Capsules Successully Sent out![22m[39m
[36m[1m2024-11-19 22:29:11 info Capsules Successully Sent out![22m[39m
[36m[1m2024-11-19 22:29:12 info Capsules Successully Sent out![22m[39m
[36m[1m2024-11-19 22:29:13 info Capsules Successully Sent out![22m[39m
[36m[1m2024-11-19 22:29:14 info Capsules Successully Sent out![22m[39m
[36m[1m2024-11-19 22:29:15 info Capsules Successully Sent out![22m[39m
[36m[1m2024-11-19 22:29:16 info Capsules Successully Sent out![22m[39m
[36m[1m2024-11-19 22:29:17 info Capsules Successully Sent out![22m[39m
[36m[1m2024-11-19 22:29:18 info Capsules Successully Sent out![22m[39m
[36m[1m2024-11-19 22:29:19 info Capsules Successully Sent out![22m[39m
[36m[1m2024-11-19 22:29:20 info Capsules Successully Sent out![22m[39m
[36m[1m2024-11-19 22:29:21 info Capsules Successully Sent out![22m[39m
[36m[1m2024-11-19 22:29:22 info Capsules Successully Sent out![22m[39m
[36m[1m2024-11-19 22:29:23 info Capsules Successully Sent out![22m[39m
[36m[1m2024-11-19 22:29:24 info Capsules Successully Sent out![22m[39m
[36m[1m2024-11-19 22:29:25 info Capsules Successully Sent out![22m[39m
[36m[1m2024-11-19 22:29:26 info Capsules Successully Sent out![22m[39m
[36m[1m2024-11-19 22:29:27 info Capsules Successully Sent out![22m[39m
[36m[1m2024-11-19 22:29:28 info Capsules Successully Sent out![22m[39m
[36m[1m2024-11-19 22:29:29 info Capsules Successully Sent out![22m[39m
[36m[1m2024-11-19 22:29:30 info Capsules Successully Sent out![22m[39m
[36m[1m2024-11-19 22:29:31 info Capsules Successully Sent out![22m[39m
[36m[1m2024-11-19 22:29:33 info Capsules Successully Sent out![22m[39m
[36m[1m2024-11-19 22:29:34 info Capsules Successully Sent out![22m[39m
[36m[1m2024-11-19 22:29:35 info Capsules Successully Sent out![22m[39m
[36m[1m2024-11-19 22:29:36 info Capsules Successully Sent out![22m[39m
[36m[1m2024-11-19 22:29:37 info Capsules Successully Sent out![22m[39m
[36m[1m2024-11-19 22:29:38 info Capsules Successully Sent out![22m[39m
[36m[1m2024-11-19 22:29:39 info Capsules Successully Sent out![22m[39m
[36m[1m2024-11-19 22:29:40 info Capsules Successully Sent out![22m[39m
[36m[1m2024-11-19 22:29:41 info Capsules Successully Sent out![22m[39m
[36m[1m2024-11-19 22:29:42 info Capsules Successully Sent out![22m[39m
[36m[1m2024-11-19 22:29:43 info Capsules Successully Sent out![22m[39m
[36m[1m2024-11-19 22:29:44 info Capsules Successully Sent out![22m[39m
[36m[1m2024-11-19 22:29:45 info Capsules Successully Sent out![22m[39m
[36m[1m2024-11-19 22:29:46 info Capsules Successully Sent out![22m[39m
[36m[1m2024-11-19 22:29:47 info Capsules Successully Sent out![22m[39m
[36m[1m2024-11-19 22:29:48 info Capsules Successully Sent out![22m[39m
[36m[1m2024-11-19 22:29:49 info Capsules Successully Sent out![22m[39m
[36m[1m2024-11-19 22:29:50 info Capsules Successully Sent out![22m[39m
[36m[1m2024-11-19 22:29:51 info Capsules Successully Sent out![22m[39m
[36m[1m2024-11-19 22:29:52 info Capsules Successully Sent out![22m[39m
[36m[1m2024-11-19 22:29:53 info Capsules Successully Sent out![22m[39m
[36m[1m2024-11-19 22:29:54 info Capsules Successully Sent out![22m[39m
[36m[1m2024-11-19 22:29:54 info Attempting to SignUp[22m[39m
[36m[1m2024-11-19 22:29:55 info Capsules Successully Sent out![22m[39m
[36m[1m2024-11-19 22:29:56 info Capsules Successully Sent out![22m[39m
[36m[1m2024-11-19 22:29:57 info Capsules Successully Sent out![22m[39m
[36m[1m2024-11-19 22:29:58 info Capsules Successully Sent out![22m[39m
[36m[1m2024-11-19 22:29:59 info Capsules Successully Sent out![22m[39m
[36m[1m2024-11-19 22:30:00 info Capsules Successully Sent out![22m[39m
[36m[1m2024-11-19 22:30:01 info Capsules Successully Sent out![22m[39m
[36m[1m2024-11-19 22:30:02 info Capsules Successully Sent out![22m[39m
[36m[1m2024-11-19 22:30:03 info Capsules Successully Sent out![22m[39m
[36m[1m2024-11-19 22:30:04 info Capsules Successully Sent out![22m[39m
[36m[1m2024-11-19 22:30:05 info Capsules Successully Sent out![22m[39m
[36m[1m2024-11-19 22:30:06 info Capsules Successully Sent out![22m[39m
[36m[1m2024-11-19 22:30:07 info Capsules Successully Sent out![22m[39m
[36m[1m2024-11-19 22:30:08 info Capsules Successully Sent out![22m[39m
[36m[1m2024-11-19 22:30:09 info Capsules Successully Sent out![22m[39m
[36m[1m2024-11-19 22:30:10 info Attempting to Login[22m[39m
[36m[1m2024-11-19 22:30:10 info Capsules Successully Sent out![22m[39m
[36m[1m2024-11-19 22:30:11 info Capsules Successully Sent out![22m[39m
[36m[1m2024-11-19 22:30:12 info Capsules Successully Sent out![22m[39m
[36m[1m2024-11-19 22:30:13 info Capsules Successully Sent out![22m[39m
[36m[1m2024-11-19 22:30:14 info Capsules Successully Sent out![22m[39m
[36m[1m2024-11-19 22:30:15 info Capsules Successully Sent out![22m[39m
[36m[1m2024-11-19 22:30:16 info Capsules Successully Sent out![22m[39m
[36m[1m2024-11-19 22:30:17 info Capsules Successully Sent out![22m[39m
[36m[1m2024-11-19 22:30:18 info Capsules Successully Sent out![22m[39m
[36m[1m2024-11-19 22:30:19 info Capsules Successully Sent out![22m[39m
[36m[1m2024-11-19 22:30:20 info Capsules Successully Sent out![22m[39m
[36m[1m2024-11-19 22:30:21 info Capsules Successully Sent out![22m[39m
[36m[1m2024-11-19 22:30:22 info Capsules Successully Sent out![22m[39m
[36m[1m2024-11-19 22:30:23 info Capsules Successully Sent out![22m[39m
[36m[1m2024-11-19 22:30:24 info Capsules Successully Sent out![22m[39m
[36m[1m2024-11-19 22:30:25 info Capsules Successully Sent out![22m[39m
[36m[1m2024-11-19 22:30:26 info Capsules Successully Sent out![22m[39m
[36m[1m2024-11-19 22:30:27 info Capsules Successully Sent out![22m[39m
[36m[1m2024-11-19 22:30:28 info Capsules Successully Sent out![22m[39m
[36m[1m2024-11-19 22:30:29 info Capsules Successully Sent out![22m[39m
[36m[1m2024-11-19 22:30:30 info Capsules Successully Sent out![22m[39m
[36m[1m2024-11-19 22:30:31 info Capsules Successully Sent out![22m[39m
[36m[1m2024-11-19 22:30:32 info Capsules Successully Sent out![22m[39m
[36m[1m2024-11-19 22:30:33 info Capsules Successully Sent out![22m[39m
[36m[1m2024-11-19 22:30:34 info Capsules Successully Sent out![22m[39m
[36m[1m2024-11-19 22:30:35 info Capsules Successully Sent out![22m[39m
[36m[1m2024-11-19 22:30:36 info Capsules Successully Sent out![22m[39m
[36m[1m2024-11-19 22:30:37 info Capsules Successully Sent out![22m[39m
[36m[1m2024-11-19 22:30:38 info Capsules Successully Sent out![22m[39m
[36m[1m2024-11-19 22:30:39 info Capsules Successully Sent out![22m[39m
[36m[1m2024-11-19 22:30:40 info Capsules Successully Sent out![22m[39m
[36m[1m2024-11-19 22:30:41 info Capsules Successully Sent out![22m[39m
[36m[1m2024-11-19 22:30:42 info Capsules Successully Sent out![22m[39m
[36m[1m2024-11-19 22:30:43 info Capsules Successully Sent out![22m[39m
[36m[1m2024-11-19 22:30:44 info Capsules Successully Sent out![22m[39m
[36m[1m2024-11-19 22:30:45 info Capsules Successully Sent out![22m[39m
[36m[1m2024-11-19 22:30:46 info Capsules Successully Sent out![22m[39m
[36m[1m2024-11-19 22:30:47 info Capsules Successully Sent out![22m[39m
[36m[1m2024-11-19 22:30:48 info Capsules Successully Sent out![22m[39m
[36m[1m2024-11-19 22:30:49 info Capsules Successully Sent out![22m[39m
[36m[1m2024-11-19 22:30:50 info Capsules Successully Sent out![22m[39m
[36m[1m2024-11-19 22:30:51 info Capsules Successully Sent out![22m[39m
[36m[1m2024-11-19 22:30:52 info Capsules Successully Sent out![22m[39m
[36m[1m2024-11-19 22:30:53 info Capsules Successully Sent out![22m[39m
[36m[1m2024-11-19 22:30:54 info Capsules Successully Sent out![22m[39m
[36m[1m2024-11-19 22:30:55 info Capsules Successully Sent out![22m[39m
[36m[1m2024-11-19 22:30:56 info Capsules Successully Sent out![22m[39m
[36m[1m2024-11-19 22:30:57 info Capsules Successully Sent out![22m[39m
[36m[1m2024-11-19 22:30:58 info Capsules Successully Sent out![22m[39m
[36m[1m2024-11-19 22:30:59 info Capsules Successully Sent out![22m[39m
[36m[1m2024-11-19 22:31:00 info Capsules Successully Sent out![22m[39m
[36m[1m2024-11-19 22:31:01 info Capsules Successully Sent out![22m[39m
[36m[1m2024-11-19 22:31:02 info Capsules Successully Sent out![22m[39m
[36m[1m2024-11-19 22:31:03 info Capsules Successully Sent out![22m[39m
[36m[1m2024-11-19 22:31:04 info Capsules Successully Sent out![22m[39m
[36m[1m2024-11-19 22:31:05 info Capsules Successully Sent out![22m[39m
[36m[1m2024-11-19 22:31:06 info Capsules Successully Sent out![22m[39m
[36m[1m2024-11-19 22:31:07 info Capsules Successully Sent out![22m[39m
[36m[1m2024-11-19 22:31:08 info Capsules Successully Sent out![22m[39m
[36m[1m2024-11-19 22:31:09 info Capsules Successully Sent out![22m[39m
[36m[1m2024-11-19 22:31:10 info Capsules Successully Sent out![22m[39m
[36m[1m2024-11-19 22:31:11 info Capsules Successully Sent out![22m[39m
[36m[1m2024-11-19 22:31:12 info Capsules Successully Sent out![22m[39m
[36m[1m2024-11-19 22:31:13 info Capsules Successully Sent out![22m[39m
[36m[1m2024-11-19 22:31:14 info Capsules Successully Sent out![22m[39m
[36m[1m2024-11-19 22:31:15 info Capsules Successully Sent out![22m[39m
[36m[1m2024-11-19 22:31:16 info Capsules Successully Sent out![22m[39m
[36m[1m2024-11-19 22:31:17 info Capsules Successully Sent out![22m[39m
[36m[1m2024-11-19 22:31:26 info Connected to Database successfuly[22m[39m
[36m[1m2024-11-19 22:32:33 info Connected to Database successfuly[22m[39m
[36m[1m2024-11-19 23:03:56 info Connected to Database successfuly[22m[39m
[36m[1m2024-11-19 23:05:56 info Connected to Database successfuly[22m[39m
[36m[1m2024-11-19 23:06:05 info Connected to Database successfuly[22m[39m
[36m[1m2024-11-19 23:06:34 info Attempting to Login[22m[39m
[36m[1m2024-11-19 23:09:02 info Attempting to SignUp[22m[39m
[36m[1m2024-11-19 23:09:08 info Attempting to SignUp[22m[39m
[36m[1m2024-11-19 23:09:18 info Attempting to Login[22m[39m
[36m[1m2024-11-19 23:14:51 info Connected to Database successfuly[22m[39m
[36m[1m2024-11-19 23:15:01 info Connected to Database successfuly[22m[39m
[36m[1m2024-11-19 23:15:10 info Connected to Database successfuly[22m[39m
[36m[1m2024-11-19 23:15:44 info Connected to Database successfuly[22m[39m
[36m[1m2024-11-19 23:15:57 info Connected to Database successfuly[22m[39m
[36m[1m2024-11-19 23:16:10 info Connected to Database successfuly[22m[39m
[36m[1m2024-11-19 23:19:06 info Connected to Database successfuly[22m[39m
[36m[1m2024-11-19 23:22:08 info Attempting to SignUp[22m[39m
[36m[1m2024-11-19 23:22:20 info Attempting to Login[22m[39m
